[0.076s] Invoking command in '/home/famain/Desktop/dev_ws/src/my_bot/build/my_bot': CMAKE_PREFIX_PATH=/opt/ros/humble /usr/bin/cmake /home/famain/Desktop/dev_ws/src/my_bot -DAMENT_CMAKE_SYMLINK_INSTALL=1 -DCMAKE_INSTALL_PREFIX=/home/famain/Desktop/dev_ws/src/my_bot/install/my_bot
[0.262s] -- The C compiler identification is GNU 11.4.0
[0.438s] -- The CXX compiler identification is GNU 11.4.0
[0.454s] -- Detecting C compiler ABI info
[0.547s] -- Detecting C compiler ABI info - done
[0.567s] -- Check for working C compiler: /usr/bin/cc - skipped
[0.568s] -- Detecting C compile features
[0.568s] -- Detecting C compile features - done
[0.575s] -- Detecting CXX compiler ABI info
[0.683s] -- Detecting CXX compiler ABI info - done
[0.700s] -- Check for working CXX compiler: /usr/bin/c++ - skipped
[0.700s] -- Detecting CXX compile features
[0.701s] -- Detecting CXX compile features - done
[0.706s] -- Found ament_cmake: 1.3.7 (/opt/ros/humble/share/ament_cmake/cmake)
[0.924s] -- Found Python3: /usr/bin/python3.10 (found version "3.10.12") found components: Interpreter 
[1.016s] -- Override CMake install command with custom implementation using symlinks instead of copying resources
[1.070s] -- Found ament_lint_auto: 0.12.10 (/opt/ros/humble/share/ament_lint_auto/cmake)
[1.188s] -- Added test 'copyright' to check source files copyright and LICENSE
[1.199s] -- Added test 'cppcheck' to perform static code analysis on C / C++ code
[1.199s] -- Configured cppcheck include dirs: 
[1.199s] -- Configured cppcheck exclude dirs and/or files: 
[1.209s] -- Added test 'cpplint' to check C / C++ code against the Google style
[1.209s] -- Configured cpplint exclude dirs and/or files: 
[1.211s] -- Added test 'flake8' to check Python code syntax and style conventions
[1.214s] -- Added test 'lint_cmake' to check CMake code style
[1.216s] -- Added test 'pep257' to check Python code against some of the docstring style conventions in PEP 257
[1.227s] -- Added test 'uncrustify' to check C / C++ code style
[1.227s] -- Configured uncrustify additional arguments: 
[1.229s] -- Added test 'xmllint' to check XML markup files
[1.233s] -- Configuring done
[1.237s] -- Generating done
[1.238s] -- Build files have been written to: /home/famain/Desktop/dev_ws/src/my_bot/build/my_bot
[1.245s] Invoked command in '/home/famain/Desktop/dev_ws/src/my_bot/build/my_bot' returned '0': CMAKE_PREFIX_PATH=/opt/ros/humble /usr/bin/cmake /home/famain/Desktop/dev_ws/src/my_bot -DAMENT_CMAKE_SYMLINK_INSTALL=1 -DCMAKE_INSTALL_PREFIX=/home/famain/Desktop/dev_ws/src/my_bot/install/my_bot
[1.246s] Invoking command in '/home/famain/Desktop/dev_ws/src/my_bot/build/my_bot': CMAKE_PREFIX_PATH=/opt/ros/humble /usr/bin/cmake --build /home/famain/Desktop/dev_ws/src/my_bot/build/my_bot -- -j4 -l4
[1.288s] Invoked command in '/home/famain/Desktop/dev_ws/src/my_bot/build/my_bot' returned '0': CMAKE_PREFIX_PATH=/opt/ros/humble /usr/bin/cmake --build /home/famain/Desktop/dev_ws/src/my_bot/build/my_bot -- -j4 -l4
[1.324s] Invoking command in '/home/famain/Desktop/dev_ws/src/my_bot/build/my_bot': CMAKE_PREFIX_PATH=/opt/ros/humble /usr/bin/cmake --install /home/famain/Desktop/dev_ws/src/my_bot/build/my_bot
[1.333s] -- Install configuration: ""
[1.333s] -- Execute custom install script
[1.334s] -- Symlinking: /home/famain/Desktop/dev_ws/src/my_bot/install/my_bot/share/my_bot/config/drive_bot.rviz
[1.345s] -- Symlinking: /home/famain/Desktop/dev_ws/src/my_bot/install/my_bot/share/my_bot/config/empty.yaml
[1.355s] -- Symlinking: /home/famain/Desktop/dev_ws/src/my_bot/install/my_bot/share/my_bot/config/my_controllers.yaml
[1.366s] -- Symlinking: /home/famain/Desktop/dev_ws/src/my_bot/install/my_bot/share/my_bot/config/view_bot.rviz
[1.378s] -- Symlinking: /home/famain/Desktop/dev_ws/src/my_bot/install/my_bot/share/my_bot/description/gazebo_control.xacro
[1.389s] -- Symlinking: /home/famain/Desktop/dev_ws/src/my_bot/install/my_bot/share/my_bot/description/inertial_macros.xacro
[1.400s] -- Symlinking: /home/famain/Desktop/dev_ws/src/my_bot/install/my_bot/share/my_bot/description/lidar.xacro
[1.411s] -- Symlinking: /home/famain/Desktop/dev_ws/src/my_bot/install/my_bot/share/my_bot/description/robot.urdf.xacro
[1.422s] -- Symlinking: /home/famain/Desktop/dev_ws/src/my_bot/install/my_bot/share/my_bot/description/robot_core.xacro
[1.433s] -- Symlinking: /home/famain/Desktop/dev_ws/src/my_bot/install/my_bot/share/my_bot/description/ros2_control.xacro
[1.444s] -- Symlinking: /home/famain/Desktop/dev_ws/src/my_bot/install/my_bot/share/my_bot/launch/launch_sim.launch.py
[1.455s] -- Symlinking: /home/famain/Desktop/dev_ws/src/my_bot/install/my_bot/share/my_bot/launch/rsp.launch.py
[1.466s] -- Symlinking: /home/famain/Desktop/dev_ws/src/my_bot/install/my_bot/share/my_bot/worlds/empty.world
[1.477s] -- Symlinking: /home/famain/Desktop/dev_ws/src/my_bot/install/my_bot/share/my_bot/worlds/obstacles.world
[1.488s] -- Symlinking: /home/famain/Desktop/dev_ws/src/my_bot/install/my_bot/share/ament_index/resource_index/package_run_dependencies/my_bot
[1.499s] -- Symlinking: /home/famain/Desktop/dev_ws/src/my_bot/install/my_bot/share/ament_index/resource_index/parent_prefix_path/my_bot
[1.511s] -- Symlinking: /home/famain/Desktop/dev_ws/src/my_bot/install/my_bot/share/my_bot/environment/ament_prefix_path.sh
[1.522s] -- Symlinking: /home/famain/Desktop/dev_ws/src/my_bot/install/my_bot/share/my_bot/environment/ament_prefix_path.dsv
[1.532s] -- Symlinking: /home/famain/Desktop/dev_ws/src/my_bot/install/my_bot/share/my_bot/environment/path.sh
[1.543s] -- Symlinking: /home/famain/Desktop/dev_ws/src/my_bot/install/my_bot/share/my_bot/environment/path.dsv
[1.554s] -- Symlinking: /home/famain/Desktop/dev_ws/src/my_bot/install/my_bot/share/my_bot/local_setup.bash
[1.565s] -- Symlinking: /home/famain/Desktop/dev_ws/src/my_bot/install/my_bot/share/my_bot/local_setup.sh
[1.577s] -- Symlinking: /home/famain/Desktop/dev_ws/src/my_bot/install/my_bot/share/my_bot/local_setup.zsh
[1.588s] -- Symlinking: /home/famain/Desktop/dev_ws/src/my_bot/install/my_bot/share/my_bot/local_setup.dsv
[1.600s] -- Symlinking: /home/famain/Desktop/dev_ws/src/my_bot/install/my_bot/share/my_bot/package.dsv
[1.611s] -- Symlinking: /home/famain/Desktop/dev_ws/src/my_bot/install/my_bot/share/ament_index/resource_index/packages/my_bot
[1.623s] -- Symlinking: /home/famain/Desktop/dev_ws/src/my_bot/install/my_bot/share/my_bot/cmake/my_botConfig.cmake
[1.633s] -- Symlinking: /home/famain/Desktop/dev_ws/src/my_bot/install/my_bot/share/my_bot/cmake/my_botConfig-version.cmake
[1.645s] -- Symlinking: /home/famain/Desktop/dev_ws/src/my_bot/install/my_bot/share/my_bot/package.xml
[1.658s] Invoked command in '/home/famain/Desktop/dev_ws/src/my_bot/build/my_bot' returned '0': CMAKE_PREFIX_PATH=/opt/ros/humble /usr/bin/cmake --install /home/famain/Desktop/dev_ws/src/my_bot/build/my_bot
